  Point.cpp
D:\OneDrive\Documents\ESGI 4eme année\Math\OpenGL-4A\PremierProjet\class\lib\Point.cpp(4): warning C4067: jetons inattendus après la directive du préprocesseur - saut de ligne attendu
  Polygon.cpp
D:\OneDrive\Documents\ESGI 4eme année\Math\OpenGL-4A\PremierProjet\class\header\Polygon.h(2): warning C4067: jetons inattendus après la directive du préprocesseur - saut de ligne attendu
D:\OneDrive\Documents\ESGI 4eme année\Math\OpenGL-4A\PremierProjet\class\header\Polygon.h(6): warning C4200: extension non standard utilisée : tableau de taille zéro dans un struct/union
  D:\OneDrive\Documents\ESGI 4eme année\Math\OpenGL-4A\PremierProjet\class\header\Polygon.h(6): note: Ce membre va être ignoré par un constructeur par défaut, ou par un opérateur d'assignation de copie/déplacement
  Window.cpp
  Génération de code en cours...
MSVCRTD.lib(initializers.obj) : warning LNK4098: conflit entre la bibliothÞque par dÚfaut 'libcmt.lib' et les autres bibliothÞquesá; utilisez /NODEFAULTLIB:library
LINK : warning LNK4286: le symbole '__glewAttachShader' dÚfini dans 'glew32s.lib(glew.obj)' est importÚ par 'GLShader.obj'
LINK : warning LNK4286: le symbole '__glewCompileShader' dÚfini dans 'glew32s.lib(glew.obj)' est importÚ par 'GLShader.obj'
LINK : warning LNK4286: le symbole '__glewCreateProgram' dÚfini dans 'glew32s.lib(glew.obj)' est importÚ par 'GLShader.obj'
LINK : warning LNK4286: le symbole '__glewCreateShader' dÚfini dans 'glew32s.lib(glew.obj)' est importÚ par 'GLShader.obj'
LINK : warning LNK4286: le symbole '__glewDeleteProgram' dÚfini dans 'glew32s.lib(glew.obj)' est importÚ par 'GLShader.obj'
LINK : warning LNK4286: le symbole '__glewDeleteShader' dÚfini dans 'glew32s.lib(glew.obj)' est importÚ par 'GLShader.obj'
LINK : warning LNK4286: le symbole '__glewDetachShader' dÚfini dans 'glew32s.lib(glew.obj)' est importÚ par 'GLShader.obj'
LINK : warning LNK4286: le symbole '__glewGetProgramInfoLog' dÚfini dans 'glew32s.lib(glew.obj)' est importÚ par 'GLShader.obj'
LINK : warning LNK4286: le symbole '__glewGetProgramiv' dÚfini dans 'glew32s.lib(glew.obj)' est importÚ par 'GLShader.obj'
LINK : warning LNK4286: le symbole '__glewGetShaderInfoLog' dÚfini dans 'glew32s.lib(glew.obj)' est importÚ par 'GLShader.obj'
LINK : warning LNK4286: le symbole '__glewGetShaderiv' dÚfini dans 'glew32s.lib(glew.obj)' est importÚ par 'GLShader.obj'
LINK : warning LNK4286: le symbole '__glewLinkProgram' dÚfini dans 'glew32s.lib(glew.obj)' est importÚ par 'GLShader.obj'
LINK : warning LNK4286: le symbole '__glewShaderSource' dÚfini dans 'glew32s.lib(glew.obj)' est importÚ par 'GLShader.obj'
glew32s.lib(glew.obj) : warning LNK4099: PDB 'vc120.pdb' n'a pu Ûtre trouvÚ avec 'glew32s.lib(glew.obj)' ou sur 'D:\OneDrive\Documents\ESGI 4eme annÚe\Math\OpenGL-4A\x64\Debug\vc120.pdb'á; l'objet sera liÚ sans informations de dÚbogage
  PremierProjet.vcxproj -> D:\OneDrive\Documents\ESGI 4eme année\Math\OpenGL-4A\x64\Debug\PremierProjet.exe
